<?xml version="1.0" encoding="utf-8"?><testsuites name="pytest tests"><testsuite name="pytest" errors="0" failures="0" skipped="0" tests="11" time="0.749" timestamp="2026-08-20T11:12:26.588378+00:00" hostname="agent-env-837c45af-6d91-493d-904e-c35f01ff9882"><testcase classname="lab_phase678_security_test.TestSqlArenaSecurity" name="test_drop_table_blocked" time="0.158" /><testcase classname="lab_phase678_security_test.TestSqlArenaSecurity" name="test_multi_statement_blocked" time="0.050" /><testcase classname="lab_phase678_security_test.TestSqlArenaSecurity" name="test_comment_blocked" time="0.077" /><testcase classname="lab_phase678_security_test.TestSqlArenaSecurity" name="test_valid_select_ok" time="0.048" /><testcase classname="lab_phase678_security_test.TestSqlArenaSecurity" name="test_schema_has_six_tables" time="0.052" /><testcase classname="lab_phase678_security_test.TestSqlArenaSecurity" name="test_challenges_at_least_12" time="0.055" /><testcase classname="lab_phase678_security_test.TestSqlArenaSecurity" name="test_submit_c01_correct" time="0.050" /><testcase classname="lab_phase678_security_test.TestSqlArenaSecurity" name="test_submit_unknown_challenge_404" time="0.049" /><testcase classname="lab_phase678_security_test.TestRetryEngine" name="test_simulate_success_at_4" time="0.051" /><testcase classname="lab_phase678_security_test.TestRetryEngine" name="test_preset_policies" time="0.049" /><testcase classname="lab_phase678_security_test.TestArrears" name="test_simulate_in_arrears" time="0.048" /></testsuite></testsuites>