<?xml version="1.0" encoding="utf-8"?><testsuites name="pytest tests"><testsuite name="pytest" errors="0" failures="0" skipped="0" tests="96" time="15.644" timestamp="2026-08-20T10:35:58.690540+00:00" hostname="agent-env-837c45af-6d91-493d-904e-c35f01ff9882"><testcase classname="tests.lab_routes_test" name="test_retry_success_first_attempt" time="0.291" /><testcase classname="tests.payment_simulator_extra_test" name="test_scenarios_contract" time="0.275" /><testcase classname="tests.payment_simulator_extra_test" name="test_create_contract_and_no_mongo_id" time="0.055" /><testcase classname="tests.lab_routes_test" name="test_retry_success_after_retries_exponential_delay" time="0.158" /><testcase classname="tests.payment_simulator_extra_test" name="test_event_history_persists_on_re_get" time="1.402" /><testcase classname="tests.lab_routes_test" name="test_retry_all_fail_gives_up_at_max_attempts" time="0.128" /><testcase classname="tests.lab_routes_test" name="test_retry_max_delay_caps_backoff" time="0.142" /><testcase classname="tests.lab_routes_test" name="test_retry_fixed_strategy" time="0.121" /><testcase classname="tests.lab_routes_test" name="test_retry_permanent_failure_short_circuits" time="0.115" /><testcase classname="tests.lab_routes_test" name="test_retry_idempotency_key_preserved_across_attempts" time="0.106" /><testcase classname="tests.lab_routes_test" name="test_arrears_successful_first_payment" time="0.122" /><testcase classname="tests.lab_routes_test" name="test_arrears_fail_then_recover" time="0.114" /><testcase classname="tests.lab_routes_test" name="test_arrears_creates_after_exhausted_retries" time="0.121" /><testcase classname="tests.lab_routes_test" name="test_arrears_partial_recovery" time="0.122" /><testcase classname="tests.lab_routes_test" name="test_arrears_multiple_missed_cycles" time="0.139" /><testcase classname="tests.lab_routes_test" name="test_arrears_validation_amount" time="0.157" /><testcase classname="tests.payment_simulator_extra_test" name="test_failure_scenario_no_settlement_event" time="0.952" /><testcase classname="tests.lab_routes_test" name="test_sql_schema_shape" time="0.135" /><testcase classname="tests.lab_routes_test" name="test_sql_list_challenges_public_shape" time="0.112" /><testcase classname="tests.lab_routes_test" name="test_sql_execute_valid_select" time="0.190" /><testcase classname="tests.lab_routes_test" name="test_sql_execute_with_cte_allowed" time="0.115" /><testcase classname="tests.lab_routes_test" name="test_sql_execute_blocks_destructive[DROP TABLE Payments]" time="0.118" /><testcase classname="tests.lab_routes_test" name="test_sql_execute_blocks_destructive[DELETE FROM Payments]" time="0.136" /><testcase classname="tests.lab_routes_test" name="test_sql_execute_blocks_destructive[UPDATE Payments SET Status='X']" time="0.121" /><testcase classname="tests.payment_simulator_extra_test" name="test_timeout_scenario" time="1.270" /><testcase classname="tests.lab_routes_test" name="test_sql_execute_blocks_destructive[INSERT INTO Payments (Id) VALUES (99)]" time="0.118" /><testcase classname="tests.lab_routes_test" name="test_sql_execute_blocks_destructive[ALTER TABLE Payments ADD COLUMN X TEXT]" time="0.138" /><testcase classname="tests.lab_routes_test" name="test_sql_execute_blocks_destructive[TRUNCATE TABLE Payments]" time="0.117" /><testcase classname="tests.lab_routes_test" name="test_sql_execute_blocks_destructive[CREATE TABLE Evil(x INT)]" time="0.159" /><testcase classname="tests.lab_routes_test" name="test_sql_execute_blocks_destructive[PRAGMA schema.query_only=0]" time="0.114" /><testcase classname="tests.lab_routes_test" name="test_sql_execute_blocks_multiple_statements" time="0.155" /><testcase classname="tests.lab_routes_test" name="test_sql_execute_blocks_comment_bypass" time="0.103" /><testcase classname="tests.lab_routes_test" name="test_sql_execute_blocks_block_comment_bypass" time="0.119" /><testcase classname="tests.lab_routes_test" name="test_sql_syntax_error_friendly" time="0.116" /><testcase classname="tests.lab_routes_test" name="test_sql_submit_correct_solution" time="0.128" /><testcase classname="tests.payment_simulator_extra_test" name="test_mandate_failure_no_processing_started" time="0.978" /><testcase classname="tests.lab_routes_test" name="test_sql_submit_wrong_result" time="0.139" /><testcase classname="tests.lab_routes_test" name="test_sql_submit_destructive_rejected" time="0.118" /><testcase classname="tests.lab_routes_test" name="test_sql_hints_endpoint" time="0.179" /><testcase classname="tests.lab_routes_test" name="test_sql_solution_endpoint" time="0.138" /><testcase classname="tests.lab_routes_test" name="test_sql_unknown_challenge_404" time="0.115" /><testcase classname="tests.lab_routes_test" name="test_regression_health_and_profile_still_work" time="0.247" /><testcase classname="tests.payment_simulator_extra_test" name="test_insufficient_funds_retry_scheduled" time="1.001" /><testcase classname="tests.payment_simulator_test" name="test_scenario_success_settles" time="1.347" /><testcase classname="tests.payment_simulator_extra_test" name="test_second_process_after_terminal_returns_422" time="1.367" /><testcase classname="tests.payment_simulator_test" name="test_scenario_failure_terminal_failed" time="1.229" /><testcase classname="tests.payment_simulator_extra_test" name="test_reset_then_reprocess_works" time="2.607" /><testcase classname="tests.payment_simulator_test" name="test_scenario_timeout_terminal_timedout_retryable" time="1.310" /><testcase classname="tests.payment_simulator_test" name="test_scenario_mandate_failure_no_processing" time="0.894" /><testcase classname="tests.payment_simulator_test" name="test_scenario_insufficient_funds_flags_retry" time="1.128" /><testcase classname="tests.payment_simulator_extra_test" name="test_process_nonexistent_returns_404" time="0.066" /><testcase classname="tests.payment_simulator_extra_test" name="test_get_nonexistent_404_shape" time="0.095" /><testcase classname="tests.payment_simulator_extra_test" name="test_validation_422[payload0]" time="0.070" /><testcase classname="tests.payment_simulator_extra_test" name="test_validation_422[payload1]" time="0.055" /><testcase classname="tests.payment_simulator_extra_test" name="test_validation_422[payload2]" time="0.065" /><testcase classname="tests.payment_simulator_extra_test" name="test_validation_422[payload3]" time="0.067" /><testcase classname="tests.payment_simulator_extra_test" name="test_validation_422[payload4]" time="0.065" /><testcase classname="tests.payment_simulator_extra_test" name="test_validation_422[payload5]" time="0.054" /><testcase classname="tests.payment_simulator_extra_test" name="test_list_limit" time="0.068" /><testcase classname="tests.payment_simulator_extra_test" name="test_existing_get_endpoints[/health]" time="0.085" /><testcase classname="tests.payment_simulator_extra_test" name="test_existing_get_endpoints[/profile]" time="0.069" /><testcase classname="tests.payment_simulator_extra_test" name="test_existing_get_endpoints[/experience]" time="0.056" /><testcase classname="tests.payment_simulator_extra_test" name="test_existing_get_endpoints[/skills]" time="0.068" /><testcase classname="tests.payment_simulator_extra_test" name="test_existing_get_endpoints[/projects]" time="0.056" /><testcase classname="tests.payment_simulator_extra_test" name="test_existing_get_endpoints[/projects/safesend-sdk]" time="0.069" /><testcase classname="tests.payment_simulator_test" name="test_missing_customer_id_returns_422" time="0.159" /><testcase classname="tests.payment_simulator_extra_test" name="test_contact_still_works" time="0.061" /><testcase classname="tests.backend_test.TestProjects" name="test_list_all" time="0.145" /><testcase classname="tests.payment_simulator_test" name="test_negative_amount_returns_422" time="0.119" /><testcase classname="tests.backend_test.TestProjects" name="test_list_professional" time="0.124" /><testcase classname="tests.payment_simulator_test" name="test_zero_amount_returns_422" time="0.125" /><testcase classname="tests.backend_test.TestProjects" name="test_list_bad_kind" time="0.120" /><testcase classname="tests.payment_simulator_test" name="test_invalid_payment_method_returns_422" time="0.136" /><testcase classname="tests.backend_test.TestProjects" name="test_project_detail" time="0.067" /><testcase classname="tests.payment_simulator_test" name="test_invalid_scenario_returns_422" time="0.112" /><testcase classname="tests.backend_test.TestProjects" name="test_project_not_found" time="0.074" /><testcase classname="tests.backend_test.TestContact" name="test_contact_valid" time="0.078" /><testcase classname="tests.payment_simulator_test" name="test_missing_currency_returns_422" time="0.176" /><testcase classname="tests.backend_test.TestContact" name="test_contact_invalid_email" time="0.067" /><testcase classname="tests.backend_test.TestContact" name="test_contact_short_message" time="0.079" /><testcase classname="tests.payment_simulator_test" name="test_get_nonexistent_returns_404" time="0.120" /><testcase classname="tests.backend_test.TestContact" name="test_contact_missing_fields" time="0.070" /><testcase classname="tests.backend_test.TestContact" name="test_contact_persisted_in_mongo" time="0.068" /><testcase classname="tests.payment_simulator_test" name="test_reset_after_terminal_returns_to_created" time="1.295" /><testcase classname="tests.backend_test.TestAdmin" name="test_seed_no_token" time="0.080" /><testcase classname="tests.backend_test.TestAdmin" name="test_seed_wrong_token" time="0.069" /><testcase classname="tests.backend_test.TestAdmin" name="test_seed_ok" time="0.120" /><testcase classname="tests.backend_test.TestMeta" name="test_health" time="0.072" /><testcase classname="tests.backend_test.TestMeta" name="test_resume" time="0.075" /><testcase classname="tests.backend_test.TestProfile" name="test_profile" time="0.070" /><testcase classname="tests.backend_test.TestExperience" name="test_experience_order" time="0.079" /><testcase classname="tests.backend_test.TestSkills" name="test_skills_groups" time="0.069" /><testcase classname="tests.backend_test" name="test_cleanup_contact_messages" time="0.005" /><testcase classname="tests.payment_simulator_test" name="test_double_process_rejects_with_illegal_state" time="1.594" /><testcase classname="tests.payment_simulator_test" name="test_scenarios_endpoint_lists_options" time="0.139" /><testcase classname="tests.payment_simulator_test" name="test_list_payments_returns_recent" time="0.157" /></testsuite></testsuites>