<?xml version="1.0" encoding="utf-8"?><testsuites name="pytest tests"><testsuite name="pytest" errors="0" failures="0" skipped="0" tests="19" time="1.768" timestamp="2026-08-20T09:17:32.560500+00:00" hostname="agent-env-837c45af-6d91-493d-904e-c35f01ff9882"><testcase classname="tests.backend_test.TestContact" name="test_contact_valid" time="0.161" /><testcase classname="tests.backend_test.TestProjects" name="test_list_all" time="0.184" /><testcase classname="tests.backend_test.TestContact" name="test_contact_invalid_email" time="0.061" /><testcase classname="tests.backend_test.TestProjects" name="test_list_professional" time="0.080" /><testcase classname="tests.backend_test.TestContact" name="test_contact_short_message" time="0.060" /><testcase classname="tests.backend_test.TestProjects" name="test_list_bad_kind" time="0.118" /><testcase classname="tests.backend_test.TestContact" name="test_contact_missing_fields" time="0.059" /><testcase classname="tests.backend_test.TestContact" name="test_contact_persisted_in_mongo" time="0.077" /><testcase classname="tests.backend_test.TestProjects" name="test_project_detail" time="0.081" /><testcase classname="tests.backend_test.TestAdmin" name="test_seed_no_token" time="0.095" /><testcase classname="tests.backend_test.TestProjects" name="test_project_not_found" time="0.124" /><testcase classname="tests.backend_test.TestAdmin" name="test_seed_wrong_token" time="0.053" /><testcase classname="tests.backend_test.TestAdmin" name="test_seed_ok" time="0.057" /><testcase classname="tests.backend_test.TestMeta" name="test_health" time="0.119" /><testcase classname="tests.backend_test.TestProfile" name="test_profile" time="0.060" /><testcase classname="tests.backend_test.TestExperience" name="test_experience_order" time="0.061" /><testcase classname="tests.backend_test.TestMeta" name="test_resume" time="0.078" /><testcase classname="tests.backend_test" name="test_cleanup_contact_messages" time="0.006" /><testcase classname="tests.backend_test.TestSkills" name="test_skills_groups" time="0.083" /></testsuite></testsuites>