<?xml version="1.0" encoding="utf-8"?><testsuites name="pytest tests"><testsuite name="pytest" errors="0" failures="0" skipped="0" tests="60" time="12.405" timestamp="2026-08-20T10:08:45.512373+00:00" hostname="agent-env-837c45af-6d91-493d-904e-c35f01ff9882"><testcase classname="tests.payment_simulator_test" name="test_scenario_success_settles" time="1.547" /><testcase classname="tests.payment_simulator_extra_test" name="test_scenarios_contract" time="0.193" /><testcase classname="tests.payment_simulator_extra_test" name="test_create_contract_and_no_mongo_id" time="0.103" /><testcase classname="tests.payment_simulator_extra_test" name="test_event_history_persists_on_re_get" time="1.407" /><testcase classname="tests.payment_simulator_test" name="test_scenario_failure_terminal_failed" time="1.186" /><testcase classname="tests.payment_simulator_extra_test" name="test_failure_scenario_no_settlement_event" time="1.311" /><testcase classname="tests.payment_simulator_test" name="test_scenario_timeout_terminal_timedout_retryable" time="1.118" /><testcase classname="tests.payment_simulator_extra_test" name="test_timeout_scenario" time="0.968" /><testcase classname="tests.payment_simulator_test" name="test_scenario_mandate_failure_no_processing" time="0.950" /><testcase classname="tests.payment_simulator_extra_test" name="test_mandate_failure_no_processing_started" time="0.903" /><testcase classname="tests.payment_simulator_test" name="test_scenario_insufficient_funds_flags_retry" time="1.278" /><testcase classname="tests.payment_simulator_extra_test" name="test_insufficient_funds_retry_scheduled" time="0.993" /><testcase classname="tests.payment_simulator_extra_test" name="test_second_process_after_terminal_returns_422" time="1.354" /><testcase classname="tests.payment_simulator_test" name="test_missing_customer_id_returns_422" time="0.158" /><testcase classname="tests.payment_simulator_test" name="test_negative_amount_returns_422" time="0.104" /><testcase classname="tests.payment_simulator_test" name="test_zero_amount_returns_422" time="0.191" /><testcase classname="tests.payment_simulator_test" name="test_invalid_payment_method_returns_422" time="0.105" /><testcase classname="tests.payment_simulator_test" name="test_invalid_scenario_returns_422" time="0.101" /><testcase classname="tests.payment_simulator_test" name="test_missing_currency_returns_422" time="0.143" /><testcase classname="tests.payment_simulator_test" name="test_get_nonexistent_returns_404" time="0.099" /><testcase classname="tests.payment_simulator_test" name="test_reset_after_terminal_returns_to_created" time="1.198" /><testcase classname="tests.payment_simulator_extra_test" name="test_reset_then_reprocess_works" time="2.639" /><testcase classname="tests.payment_simulator_test" name="test_double_process_rejects_with_illegal_state" time="1.391" /><testcase classname="tests.payment_simulator_test" name="test_scenarios_endpoint_lists_options" time="0.125" /><testcase classname="tests.payment_simulator_test" name="test_list_payments_returns_recent" time="0.145" /><testcase classname="tests.backend_test.TestProjects" name="test_list_all" time="0.152" /><testcase classname="tests.payment_simulator_extra_test" name="test_process_nonexistent_returns_404" time="0.069" /><testcase classname="tests.payment_simulator_extra_test" name="test_get_nonexistent_404_shape" time="0.111" /><testcase classname="tests.backend_test.TestProjects" name="test_list_professional" time="0.082" /><testcase classname="tests.payment_simulator_extra_test" name="test_validation_422[payload0]" time="0.060" /><testcase classname="tests.backend_test.TestProjects" name="test_list_bad_kind" time="0.120" /><testcase classname="tests.payment_simulator_extra_test" name="test_validation_422[payload1]" time="0.085" /><testcase classname="tests.backend_test.TestProjects" name="test_project_detail" time="0.085" /><testcase classname="tests.payment_simulator_extra_test" name="test_validation_422[payload2]" time="0.064" /><testcase classname="tests.payment_simulator_extra_test" name="test_validation_422[payload3]" time="0.070" /><testcase classname="tests.backend_test.TestProjects" name="test_project_not_found" time="0.122" /><testcase classname="tests.payment_simulator_extra_test" name="test_validation_422[payload4]" time="0.100" /><testcase classname="tests.backend_test.TestContact" name="test_contact_valid" time="0.080" /><testcase classname="tests.payment_simulator_extra_test" name="test_validation_422[payload5]" time="0.071" /><testcase classname="tests.backend_test.TestContact" name="test_contact_invalid_email" time="0.082" /><testcase classname="tests.payment_simulator_extra_test" name="test_list_limit" time="0.063" /><testcase classname="tests.backend_test.TestContact" name="test_contact_short_message" time="0.079" /><testcase classname="tests.payment_simulator_extra_test" name="test_existing_get_endpoints[/health]" time="0.069" /><testcase classname="tests.payment_simulator_extra_test" name="test_existing_get_endpoints[/profile]" time="0.061" /><testcase classname="tests.backend_test.TestContact" name="test_contact_missing_fields" time="0.121" /><testcase classname="tests.payment_simulator_extra_test" name="test_existing_get_endpoints[/experience]" time="0.071" /><testcase classname="tests.backend_test.TestContact" name="test_contact_persisted_in_mongo" time="0.069" /><testcase classname="tests.payment_simulator_extra_test" name="test_existing_get_endpoints[/skills]" time="0.062" /><testcase classname="tests.payment_simulator_extra_test" name="test_existing_get_endpoints[/projects]" time="0.074" /><testcase classname="tests.backend_test.TestAdmin" name="test_seed_no_token" time="0.080" /><testcase classname="tests.payment_simulator_extra_test" name="test_existing_get_endpoints[/projects/safesend-sdk]" time="0.062" /><testcase classname="tests.backend_test.TestAdmin" name="test_seed_wrong_token" time="0.079" /><testcase classname="tests.payment_simulator_extra_test" name="test_contact_still_works" time="0.070" /><testcase classname="tests.backend_test.TestAdmin" name="test_seed_ok" time="0.086" /><testcase classname="tests.backend_test.TestMeta" name="test_health" time="0.195" /><testcase classname="tests.backend_test.TestProfile" name="test_profile" time="0.080" /><testcase classname="tests.backend_test.TestExperience" name="test_experience_order" time="0.083" /><testcase classname="tests.backend_test.TestMeta" name="test_resume" time="0.068" /><testcase classname="tests.backend_test" name="test_cleanup_contact_messages" time="0.005" /><testcase classname="tests.backend_test.TestSkills" name="test_skills_groups" time="0.073" /></testsuite></testsuites>